Не удалось загрузить расширение «XFIG Input», потому что не установлен необходимый компонент.
Зависимость:
	тип: executable
	положение: контуру
	строка: fig2dev

Не удалось загрузить расширение «LaTeX (pdflatex)», потому что не установлен необходимый компонент.
Зависимость:
	тип: executable
	положение: контуру
	строка: pdflatex

Не удалось загрузить расширение «Optimized PNG», потому что не установлен необходимый компонент.
Зависимость:
	тип: executable
	положение: контуру
	строка: optipng

Не удалось загрузить расширение «Export to PDF via Scribus», потому что не установлен необходимый компонент.
Зависимость:
	тип: executable
	положение: контуру
	строка: scribus

