00:00:00.429197 VirtualBox GUI VM Selector Window 6.1.26 r145957 linux.amd64 (Jul 29 2021 12:15:28) release log
00:00:00.429200 Log opened 2021-08-26T20:07:56.655928000Z
00:00:00.429201 Build Type: release
00:00:00.429208 OS Product: Linux
00:00:00.429211 OS Release: 5.13.12-arch1-1
00:00:00.429212 OS Version: #1 SMP PREEMPT Wed, 18 Aug 2021 20:49:03 +0000
00:00:00.429245 DMI Product Name: HN-WX9X
00:00:00.429254 DMI Product Version: M1020
00:00:00.429260 Firmware type: UEFI
00:00:00.429431 Secure Boot: Disabled
00:00:00.429478 Host RAM: 14931MB (14.5GB) total, 11752MB (11.4GB) available
00:00:00.429482 Executable: /usr/lib/virtualbox/VirtualBox
00:00:00.429483 Process ID: 40706
00:00:00.429483 Package type: LINUX_64BITS_GENERIC (OSE)
00:00:00.429540 Qt version: 5.15.2
00:00:00.437066 GUI: UIMediumEnumerator: Medium-enumeration started...
00:00:00.437100 GUI: UIMediumEnumerator: Medium-enumeration finished!
00:00:00.990703 GUI: UIDesktopWidgetWatchdog::sltHandleHostScreenAvailableGeometryCalculated: Screen 0 work area is actually resized to: 0x0 x 1439x926
00:00:26.403856 GUI: UIMediumEnumerator: Medium with key={{9d996f98-1481-40bb-9e08-786b81b2ac30}} created
00:00:26.604845 GUI: UIMediumEnumerator: Medium-enumeration finished!
00:01:17.360807 GUI: UIMediumEnumerator: Medium-enumeration finished!
00:01:21.023618 GUI: UIMediumEnumerator: Medium-enumeration finished!
00:01:21.048132 GUI: UIMediumEnumerator: Medium-enumeration finished!
